#
# There is insufficient memory for the Java Runtime Environment to continue.
# Native memory allocation (mmap) failed to map 11534336 bytes for G1 virtual space
# Possible reasons:
#   The system is out of physical RAM or swap space
#   The process is running with CompressedOops enabled, and the Java Heap may be blocking the growth of the native heap
# Possible solutions:
#   Reduce memory load on the system
#   Increase physical memory or swap space
#   Check if swap backing store is full
#   Decrease Java heap size (-Xmx/-Xms)
#   Decrease number of Java threads
#   Decrease Java thread stack sizes (-Xss)
#   Set larger code cache with -XX:ReservedCodeCacheSize=
#   JVM is running with Unscaled Compressed Oops mode in which the Java heap is
#     placed in the first 4GB address space. The Java Heap base address is the
#     maximum limit for the native heap growth. Please use -XX:HeapBaseMinAddress
#     to set the Java Heap base and to place the Java Heap above 4GB virtual address.
# This output file may be truncated or incomplete.
#
#  Out of Memory Error (os_windows.cpp:3825), pid=14504, tid=7372
#
# JRE version: OpenJDK Runtime Environment (17.0.9) (build 17.0.9+0--11185874)
# Java VM: OpenJDK 64-Bit Server VM (17.0.9+0--11185874, mixed mode, tiered, compressed oops, compressed class ptrs, g1 gc, windows-amd64)
# No core dump will be written. Minidumps are not enabled by default on client versions of Windows
#

---------------  S U M M A R Y ------------

Command Line: --add-opens=java.base/java.util=ALL-UNNAMED --add-opens=java.base/java.lang=ALL-UNNAMED --add-opens=java.base/java.lang.invoke=ALL-UNNAMED --add-opens=java.prefs/java.util.prefs=ALL-UNNAMED --add-opens=java.base/java.nio.charset=ALL-UNNAMED --add-opens=java.base/java.net=ALL-UNNAMED --add-opens=java.base/java.util.concurrent.atomic=ALL-UNNAMED -Xmx2048m -Dfile.encoding=UTF-8 -Duser.country=US -Duser.language=en -Duser.variant -javaagent:C:\Users\Tarisa\.gradle\wrapper\dists\gradle-8.4-bin\1w5dpkrfk8irigvoxmyhowfim\gradle-8.4\lib\agents\gradle-instrumentation-agent-8.4.jar org.gradle.launcher.daemon.bootstrap.GradleDaemon 8.4

Host: Intel(R) Pentium(R) Silver N6000 @ 1.10GHz, 4 cores, 3G,  Windows 11 , 64 bit Build 22621 (10.0.22621.3672)
Time: Sun Jul 28 11:57:22 2024 SE Asia Standard Time elapsed time: 262.034397 seconds (0d 0h 4m 22s)

---------------  T H R E A D  ---------------

Current thread (0x0000028127a34950):  VMThread "VM Thread" [stack: 0x0000009ceae00000,0x0000009ceaf00000] [id=7372]

Stack: [0x0000009ceae00000,0x0000009ceaf00000]
Native frames: (J=compiled Java code, j=interpreted, Vv=VM code, C=native code)
V  [jvm.dll+0x6886e9]
V  [jvm.dll+0x841e4a]
V  [jvm.dll+0x843a8e]
V  [jvm.dll+0x8440f3]
V  [jvm.dll+0x24c14f]
V  [jvm.dll+0x685499]
V  [jvm.dll+0x679c2a]
V  [jvm.dll+0x30cf9b]
V  [jvm.dll+0x314446]
V  [jvm.dll+0x36425e]
V  [jvm.dll+0x36448f]
V  [jvm.dll+0x2e2d68]
V  [jvm.dll+0x2e5e56]
V  [jvm.dll+0x2f066a]
V  [jvm.dll+0x325610]
V  [jvm.dll+0x8487eb]
V  [jvm.dll+0x849531]
V  [jvm.dll+0x849a4d]
V  [jvm.dll+0x849e24]
V  [jvm.dll+0x849ef0]
V  [jvm.dll+0x7f06aa]
V  [jvm.dll+0x687565]
C  [ucrtbase.dll+0x29333]
C  [KERNEL32.DLL+0x1257d]
C  [ntdll.dll+0x5af28]

VM_Operation (0x0000009ceaaff380): G1PauseRemark, mode: safepoint, requested by thread 0x000002810e4db520


---------------  P R O C E S S  ---------------

Threads class SMR info:
_java_thread_list=0x000002812d533800, length=37, elements={
0x000002810e470050, 0x0000028127a38640, 0x0000028127a394c0, 0x0000028127a43220,
0x0000028127a773f0, 0x000002812c009080, 0x000002812c00ba50, 0x000002812c00c7f0,
0x000002812c06e550, 0x0000028127a7df60, 0x000002812c0d2400, 0x000002812c26e4e0,
0x000002812d5e33f0, 0x000002812c7acb00, 0x000002812d5946e0, 0x000002812e1abae0,
0x000002812c419a10, 0x000002812c88f3c0, 0x000002812d1114a0, 0x000002812e0af8f0,
0x000002812e0afe00, 0x000002812e0ad070, 0x000002812e0ad580, 0x000002812e0ada90,
0x000002812e0adfa0, 0x000002812e0ae4b0, 0x000002812e0ae9c0, 0x000002812e0aeed0,
0x000002812e0af3e0, 0x000002812e0b0310, 0x000002812d09efc0, 0x000002812d09fef0,
0x000002812d0a1840, 0x000002812d09e5a0, 0x000002812d09f9e0, 0x000002812d0a1d50,
0x000002812d09cc50
}

Java Threads: ( => current thread )
  0x000002810e470050 JavaThread "main" [_thread_blocked, id=18628, stack(0x0000009cea800000,0x0000009cea900000)]
  0x0000028127a38640 JavaThread "Reference Handler" daemon [_thread_blocked, id=16496, stack(0x0000009ceaf00000,0x0000009ceb000000)]
  0x0000028127a394c0 JavaThread "Finalizer" daemon [_thread_blocked, id=19440, stack(0x0000009ceb000000,0x0000009ceb100000)]
  0x0000028127a43220 JavaThread "Signal Dispatcher" daemon [_thread_blocked, id=3600, stack(0x0000009ceb200000,0x0000009ceb300000)]
  0x0000028127a773f0 JavaThread "Attach Listener" daemon [_thread_blocked, id=16140, stack(0x0000009ceb300000,0x0000009ceb400000)]
  0x000002812c009080 JavaThread "Service Thread" daemon [_thread_blocked, id=13004, stack(0x0000009ceb400000,0x0000009ceb500000)]
  0x000002812c00ba50 JavaThread "Monitor Deflation Thread" daemon [_thread_blocked, id=5112, stack(0x0000009ceb500000,0x0000009ceb600000)]
  0x000002812c00c7f0 JavaThread "C2 CompilerThread0" daemon [_thread_blocked, id=2372, stack(0x0000009ceb600000,0x0000009ceb700000)]
  0x000002812c06e550 JavaThread "C1 CompilerThread0" daemon [_thread_blocked, id=9452, stack(0x0000009ceb700000,0x0000009ceb800000)]
  0x0000028127a7df60 JavaThread "Sweeper thread" daemon [_thread_blocked, id=12740, stack(0x0000009ceb800000,0x0000009ceb900000)]
  0x000002812c0d2400 JavaThread "Common-Cleaner" daemon [_thread_blocked, id=17376, stack(0x0000009ceb900000,0x0000009ceba00000)]
  0x000002812c26e4e0 JavaThread "Notification Thread" daemon [_thread_blocked, id=14928, stack(0x0000009ceba00000,0x0000009cebb00000)]
  0x000002812d5e33f0 JavaThread "Daemon health stats" [_thread_blocked, id=14416, stack(0x0000009ceb100000,0x0000009ceb200000)]
  0x000002812c7acb00 JavaThread "Incoming local TCP Connector on port 53587" [_thread_in_native, id=11864, stack(0x0000009cebe00000,0x0000009cebf00000)]
  0x000002812d5946e0 JavaThread "Daemon periodic checks" [_thread_blocked, id=1844, stack(0x0000009cebf00000,0x0000009cec000000)]
  0x000002812e1abae0 JavaThread "Daemon" [_thread_blocked, id=18420, stack(0x0000009cec000000,0x0000009cec100000)]
  0x000002812c419a10 JavaThread "Handler for socket connection from /127.0.0.1:53587 to /127.0.0.1:53589" [_thread_in_native, id=8116, stack(0x0000009cec100000,0x0000009cec200000)]
  0x000002812c88f3c0 JavaThread "Cancel handler" [_thread_blocked, id=19128, stack(0x0000009cec200000,0x0000009cec300000)]
  0x000002812d1114a0 JavaThread "Daemon worker" [_thread_blocked, id=14560, stack(0x0000009cec300000,0x0000009cec400000)]
  0x000002812e0af8f0 JavaThread "Asynchronous log dispatcher for DefaultDaemonConnection: socket connection from /127.0.0.1:53587 to /127.0.0.1:53589" [_thread_blocked, id=3716, stack(0x0000009cec400000,0x0000009cec500000)]
  0x000002812e0afe00 JavaThread "Daemon client event forwarder" [_thread_blocked, id=2832, stack(0x0000009cec600000,0x0000009cec700000)]
  0x000002812e0ad070 JavaThread "Cache worker for journal cache (C:\Users\Tarisa\.gradle\caches\journal-1)" [_thread_blocked, id=12988, stack(0x0000009cec900000,0x0000009ceca00000)]
  0x000002812e0ad580 JavaThread "File lock request listener" [_thread_in_native, id=7284, stack(0x0000009ceca00000,0x0000009cecb00000)]
  0x000002812e0ada90 JavaThread "File lock release action executor" [_thread_blocked, id=17552, stack(0x0000009cea700000,0x0000009cea800000)]
  0x000002812e0adfa0 JavaThread "Cache worker for file hash cache (C:\Users\Tarisa\.gradle\caches\8.4\fileHashes)" [_thread_blocked, id=19264, stack(0x0000009cecb00000,0x0000009cecc00000)]
  0x000002812e0ae4b0 JavaThread "File watcher server" daemon [_thread_in_native, id=16652, stack(0x0000009cec500000,0x0000009cec600000)]
  0x000002812e0ae9c0 JavaThread "File watcher consumer" daemon [_thread_blocked, id=1496, stack(0x0000009cecc00000,0x0000009cecd00000)]
  0x000002812e0aeed0 JavaThread "jar transforms" [_thread_blocked, id=4580, stack(0x0000009cecd00000,0x0000009cece00000)]
  0x000002812e0af3e0 JavaThread "jar transforms Thread 2" [_thread_blocked, id=10532, stack(0x0000009cece00000,0x0000009cecf00000)]
  0x000002812e0b0310 JavaThread "jar transforms Thread 3" [_thread_blocked, id=17444, stack(0x0000009cecf00000,0x0000009ced000000)]
  0x000002812d09efc0 JavaThread "jar transforms Thread 4" [_thread_blocked, id=3796, stack(0x0000009ced000000,0x0000009ced100000)]
  0x000002812d09fef0 JavaThread "Cache worker for checksums cache (C:\Users\Tarisa\AndroidStudioProjects\ProjekUAS\.gradle\8.4\checksums)" [_thread_blocked, id=19560, stack(0x0000009ced100000,0x0000009ced200000)]
  0x000002812d0a1840 JavaThread "Cache worker for file hash cache (C:\Users\Tarisa\AndroidStudioProjects\ProjekUAS\.gradle\8.4\fileHashes)" [_thread_blocked, id=12064, stack(0x0000009ced200000,0x0000009ced300000)]
  0x000002812d09e5a0 JavaThread "Cache worker for cache directory md-supplier (C:\Users\Tarisa\.gradle\caches\8.4\md-supplier)" [_thread_blocked, id=3188, stack(0x0000009ced300000,0x0000009ced400000)]
  0x000002812d09f9e0 JavaThread "Cache worker for file content cache (C:\Users\Tarisa\.gradle\caches\8.4\fileContent)" [_thread_blocked, id=9304, stack(0x0000009ced400000,0x0000009ced500000)]
  0x000002812d0a1d50 JavaThread "Cache worker for cache directory md-rule (C:\Users\Tarisa\.gradle\caches\8.4\md-rule)" [_thread_blocked, id=18292, stack(0x0000009ced500000,0x0000009ced600000)]
  0x000002812d09cc50 JavaThread "Cache worker for execution history cache (C:\Users\Tarisa\.gradle\caches\8.4\executionHistory)" [_thread_blocked, id=12504, stack(0x0000009ced600000,0x0000009ced700000)]

Other Threads:
=>0x0000028127a34950 VMThread "VM Thread" [stack: 0x0000009ceae00000,0x0000009ceaf00000] [id=7372]
  0x000002812c26e9c0 WatcherThread [stack: 0x0000009cebb00000,0x0000009cebc00000] [id=10540]
  0x000002810e4ca5d0 GCTaskThread "GC Thread#0" [stack: 0x0000009cea900000,0x0000009ceaa00000] [id=10564]
  0x000002812c67c000 GCTaskThread "GC Thread#1" [stack: 0x0000009cebc00000,0x0000009cebd00000] [id=17068]
  0x000002812c1ebb70 GCTaskThread "GC Thread#2" [stack: 0x0000009cebd00000,0x0000009cebe00000] [id=11216]
  0x000002812c3616f0 GCTaskThread "GC Thread#3" [stack: 0x0000009cea600000,0x0000009cea700000] [id=18144]
  0x000002810e4db520 ConcurrentGCThread "G1 Main Marker" [stack: 0x0000009ceaa00000,0x0000009ceab00000] [id=11084]
  0x000002810e4dbf40 ConcurrentGCThread "G1 Conc#0" [stack: 0x0000009ceab00000,0x0000009ceac00000] [id=16180]
  0x000002810e518740 ConcurrentGCThread "G1 Refine#0" [stack: 0x0000009ceac00000,0x0000009cead00000] [id=9464]
  0x00000281278902f0 ConcurrentGCThread "G1 Service" [stack: 0x0000009cead00000,0x0000009ceae00000] [id=9840]

Threads with active compile tasks:

VM state: at safepoint (normal execution)

VM Mutex/Monitor currently owned by a thread:  ([mutex/lock_event])
[0x000002810e469b30] Threads_lock - owner thread: 0x0000028127a34950
[0x000002810e46b750] Heap_lock - owner thread: 0x000002810e4db520

Heap address: 0x0000000080000000, size: 2048 MB, Compressed Oops mode: 32-bit

CDS archive(s) not mapped
Compressed class space mapped at: 0x0000000100000000-0x0000000140000000, reserved size: 1073741824
Narrow klass base: 0x0000000000000000, Narrow klass shift: 3, Narrow klass range: 0x140000000

GC Precious Log:
 CPUs: 4 total, 4 available
 Memory: 3901M
 Large Page Support: Disabled
 NUMA Support: Disabled
 Compressed Oops: Enabled (32-bit)
 Heap Region Size: 1M
 Heap Min Capacity: 8M
 Heap Initial Capacity: 62M
 Heap Max Capacity: 2G
 Pre-touch: Disabled
 Parallel Workers: 4
 Concurrent Workers: 1
 Concurrent Refinement Workers: 4
 Periodic GC: Disabled

Heap:
 garbage-first heap   total 75776K, used 50319K [0x0000000080000000, 0x0000000100000000)
  region size 1024K, 4 young (4096K), 3 survivors (3072K)
 Metaspace       used 44728K, committed 45120K, reserved 1114112K
  class space    used 5881K, committed 6080K, reserved 1048576K

Heap Regions: E=young(eden), S=young(survivor), O=old, HS=humongous(starts), HC=humongous(continues), CS=collection set, F=free, OA=open archive, CA=closed archive, TAMS=top-at-mark-start (previous, next)
|   0|0x0000000080000000, 0x0000000080100000, 0x0000000080100000|100%| O|  |TAMS 0x0000000080100000, 0x0000000080000000| Untracked 
|   1|0x0000000080100000, 0x0000000080200000, 0x0000000080200000|100%| O|  |TAMS 0x0000000080200000, 0x0000000080100000| Untracked 
|   2|0x0000000080200000, 0x0000000080300000, 0x0000000080300000|100%|HS|  |TAMS 0x0000000080300000, 0x0000000080200000| Complete 
|   3|0x0000000080300000, 0x0000000080400000, 0x0000000080400000|100%|HC|  |TAMS 0x0000000080400000, 0x0000000080300000| Complete 
|   4|0x0000000080400000, 0x0000000080500000, 0x0000000080500000|100%|HC|  |TAMS 0x0000000080500000, 0x0000000080400000| Complete 
|   5|0x0000000080500000, 0x0000000080600000, 0x0000000080600000|100%|HC|  |TAMS 0x0000000080600000, 0x0000000080500000| Complete 
|   6|0x0000000080600000, 0x0000000080700000, 0x0000000080700000|100%| O|  |TAMS 0x0000000080700000, 0x0000000080600000| Untracked 
|   7|0x0000000080700000, 0x0000000080800000, 0x0000000080800000|100%| O|  |TAMS 0x0000000080800000, 0x0000000080700000| Untracked 
|   8|0x0000000080800000, 0x0000000080900000, 0x0000000080900000|100%| O|  |TAMS 0x0000000080900000, 0x0000000080800000| Untracked 
|   9|0x0000000080900000, 0x0000000080a00000, 0x0000000080a00000|100%| O|  |TAMS 0x0000000080a00000, 0x0000000080900000| Untracked 
|  10|0x0000000080a00000, 0x0000000080b00000, 0x0000000080b00000|100%| O|  |TAMS 0x0000000080b00000, 0x0000000080a00000| Untracked 
|  11|0x0000000080b00000, 0x0000000080c00000, 0x0000000080c00000|100%| O|  |TAMS 0x0000000080c00000, 0x0000000080b00000| Untracked 
|  12|0x0000000080c00000, 0x0000000080d00000, 0x0000000080d00000|100%| O|  |TAMS 0x0000000080d00000, 0x0000000080c00000| Untracked 
|  13|0x0000000080d00000, 0x0000000080e00000, 0x0000000080e00000|100%| O|  |TAMS 0x0000000080e00000, 0x0000000080d00000| Untracked 
|  14|0x0000000080e00000, 0x0000000080f00000, 0x0000000080f00000|100%| O|  |TAMS 0x0000000080f00000, 0x0000000080e00000| Untracked 
|  15|0x0000000080f00000, 0x0000000081000000, 0x0000000081000000|100%| O|  |TAMS 0x0000000081000000, 0x0000000080f00000| Untracked 
|  16|0x0000000081000000, 0x0000000081100000, 0x0000000081100000|100%| O|  |TAMS 0x0000000081100000, 0x0000000081000000| Untracked 
|  17|0x0000000081100000, 0x0000000081200000, 0x0000000081200000|100%| O|  |TAMS 0x0000000081200000, 0x0000000081100000| Untracked 
|  18|0x0000000081200000, 0x0000000081300000, 0x0000000081300000|100%| O|  |TAMS 0x0000000081300000, 0x0000000081200000| Untracked 
|  19|0x0000000081300000, 0x0000000081400000, 0x0000000081400000|100%| O|  |TAMS 0x0000000081400000, 0x0000000081300000| Untracked 
|  20|0x0000000081400000, 0x0000000081500000, 0x0000000081500000|100%|HS|  |TAMS 0x0000000081500000, 0x0000000081400000| Complete 
|  21|0x0000000081500000, 0x0000000081600000, 0x0000000081600000|100%|HC|  |TAMS 0x0000000081600000, 0x0000000081500000| Complete 
|  22|0x0000000081600000, 0x0000000081700000, 0x0000000081700000|100%|HS|  |TAMS 0x0000000081700000, 0x0000000081600000| Complete 
|  23|0x0000000081700000, 0x0000000081800000, 0x0000000081800000|100%|HC|  |TAMS 0x0000000081800000, 0x0000000081700000| Complete 
|  24|0x0000000081800000, 0x0000000081900000, 0x0000000081900000|100%|HC|  |TAMS 0x0000000081900000, 0x0000000081800000| Complete 
|  25|0x0000000081900000, 0x0000000081a00000, 0x0000000081a00000|100%|HS|  |TAMS 0x0000000081a00000, 0x0000000081900000| Complete 
|  26|0x0000000081a00000, 0x0000000081b00000, 0x0000000081b00000|100%|HC|  |TAMS 0x0000000081b00000, 0x0000000081a00000| Complete 
|  27|0x0000000081b00000, 0x0000000081c00000, 0x0000000081c00000|100%|HC|  |TAMS 0x0000000081c00000, 0x0000000081b00000| Complete 
|  28|0x0000000081c00000, 0x0000000081d00000, 0x0000000081d00000|100%| O|  |TAMS 0x0000000081d00000, 0x0000000081c00000| Untracked 
|  29|0x0000000081d00000, 0x0000000081e00000, 0x0000000081e00000|100%|HS|  |TAMS 0x0000000081e00000, 0x0000000081d00000| Complete 
|  30|0x0000000081e00000, 0x0000000081f00000, 0x0000000081f00000|100%|HC|  |TAMS 0x0000000081f00000, 0x0000000081e00000| Complete 
|  31|0x0000000081f00000, 0x0000000082000000, 0x0000000082000000|100%|HC|  |TAMS 0x0000000082000000, 0x0000000081f00000| Complete 
|  32|0x0000000082000000, 0x0000000082100000, 0x0000000082100000|100%| O|  |TAMS 0x0000000082100000, 0x0000000082000000| Untracked 
|  33|0x0000000082100000, 0x0000000082200000, 0x0000000082200000|100%| O|  |TAMS 0x0000000082200000, 0x0000000082100000| Untracked 
|  34|0x0000000082200000, 0x0000000082300000, 0x0000000082300000|100%| O|  |TAMS 0x0000000082300000, 0x0000000082200000| Untracked 
|  35|0x0000000082300000, 0x0000000082400000, 0x0000000082400000|100%| O|  |TAMS 0x0000000082400000, 0x0000000082300000| Untracked 
|  36|0x0000000082400000, 0x0000000082500000, 0x0000000082500000|100%| O|  |TAMS 0x0000000082500000, 0x0000000082400000| Untracked 
|  37|0x0000000082500000, 0x0000000082600000, 0x0000000082600000|100%| O|  |TAMS 0x0000000082600000, 0x0000000082500000| Untracked 
|  38|0x0000000082600000, 0x0000000082700000, 0x0000000082700000|100%| O|  |TAMS 0x0000000082700000, 0x0000000082600000| Untracked 
|  39|0x0000000082700000, 0x0000000082800000, 0x0000000082800000|100%| O|  |TAMS 0x0000000082800000, 0x0000000082700000| Updating 
|  40|0x0000000082800000, 0x0000000082900000, 0x0000000082900000|100%| O|  |TAMS 0x0000000082900000, 0x0000000082800000| Untracked 
|  41|0x0000000082900000, 0x00000000829ee000, 0x0000000082a00000| 92%| O|  |TAMS 0x000000008290fa00, 0x0000000082900000| Untracked 
|  42|0x0000000082a00000, 0x0000000082b00000, 0x0000000082b00000|100%|HS|  |TAMS 0x0000000082a00000, 0x0000000082a00000| Complete 
|  43|0x0000000082b00000, 0x0000000082c00000, 0x0000000082c00000|100%|HS|  |TAMS 0x0000000082b00000, 0x0000000082b00000| Complete 
|  44|0x0000000082c00000, 0x0000000082d00000, 0x0000000082d00000|100%|HC|  |TAMS 0x0000000082c00000, 0x0000000082c00000| Complete 
|  45|0x0000000082d00000, 0x0000000082e00000, 0x0000000082e00000|100%|HS|  |TAMS 0x0000000082d00000, 0x0000000082d00000| Complete 
|  46|0x0000000082e00000, 0x0000000082f00000, 0x0000000082f00000|100%|HC|  |TAMS 0x0000000082e00000, 0x0000000082e00000| Complete 
|  47|0x0000000082f00000, 0x0000000082f00000, 0x0000000083000000|  0%| F|  |TAMS 0x0000000082f00000, 0x0000000082f00000| Untracked 
|  48|0x0000000083000000, 0x0000000083000000, 0x0000000083100000|  0%| F|  |TAMS 0x0000000083000000, 0x0000000083000000| Untracked 
|  49|0x0000000083100000, 0x0000000083100000, 0x0000000083200000|  0%| F|  |TAMS 0x0000000083100000, 0x0000000083100000| Untracked 
|  50|0x0000000083200000, 0x0000000083200000, 0x0000000083300000|  0%| F|  |TAMS 0x0000000083200000, 0x0000000083200000| Untracked 
|  51|0x0000000083300000, 0x0000000083300000, 0x0000000083400000|  0%| F|  |TAMS 0x0000000083300000, 0x0000000083300000| Untracked 
|  52|0x0000000083400000, 0x0000000083400000, 0x0000000083500000|  0%| F|  |TAMS 0x0000000083400000, 0x0000000083400000| Untracked 
|  53|0x0000000083500000, 0x0000000083500000, 0x0000000083600000|  0%| F|  |TAMS 0x0000000083500000, 0x0000000083500000| Untracked 
|  54|0x0000000083600000, 0x0000000083600000, 0x0000000083700000|  0%| F|  |TAMS 0x0000000083600000, 0x0000000083600000| Untracked 
|  55|0x0000000083700000, 0x0000000083700000, 0x0000000083800000|  0%| F|  |TAMS 0x0000000083700000, 0x0000000083700000| Untracked 
|  56|0x0000000083800000, 0x0000000083800000, 0x0000000083900000|  0%| F|  |TAMS 0x0000000083800000, 0x0000000083800000| Untracked 
|  57|0x0000000083900000, 0x0000000083900000, 0x0000000083a00000|  0%| F|  |TAMS 0x0000000083900000, 0x0000000083900000| Untracked 
|  58|0x0000000083a00000, 0x0000000083a00000, 0x0000000083b00000|  0%| F|  |TAMS 0x0000000083a00000, 0x0000000083a00000| Untracked 
|  59|0x0000000083b00000, 0x0000000083b00000, 0x0000000083c00000|  0%| F|  |TAMS 0x0000000083b00000, 0x0000000083b00000| Untracked 
|  60|0x0000000083c00000, 0x0000000083c00000, 0x0000000083d00000|  0%| F|  |TAMS 0x0000000083c00000, 0x0000000083c00000| Untracked 
|  61|0x0000000083d00000, 0x0000000083d00000, 0x0000000083e00000|  0%| F|  |TAMS 0x0000000083d00000, 0x0000000083d00000| Untracked 
|  62|0x0000000083e00000, 0x0000000083e00000, 0x0000000083f00000|  0%| F|  |TAMS 0x0000000083e00000, 0x0000000083e00000| Untracked 
|  63|0x0000000083f00000, 0x0000000083f00000, 0x0000000084000000|  0%| F|  |TAMS 0x0000000083f00000, 0x0000000083f00000| Untracked 
|  64|0x0000000084000000, 0x0000000084000000, 0x0000000084100000|  0%| F|  |TAMS 0x0000000084000000, 0x0000000084000000| Untracked 
|  65|0x0000000084100000, 0x0000000084100000, 0x0000000084200000|  0%| F|  |TAMS 0x0000000084100000, 0x0000000084100000| Untracked 
|  66|0x0000000084200000, 0x0000000084200000, 0x0000000084300000|  0%| F|  |TAMS 0x0000000084200000, 0x0000000084200000| Untracked 
|  67|0x0000000084300000, 0x0000000084300000, 0x0000000084400000|  0%| F|  |TAMS 0x0000000084300000, 0x0000000084300000| Untracked 
|  68|0x0000000084400000, 0x0000000084435e70, 0x0000000084500000| 21%| S|CS|TAMS 0x0000000084400000, 0x0000000084400000| Complete 
|  69|0x0000000084500000, 0x0000000084600000, 0x0000000084600000|100%| S|CS|TAMS 0x0000000084500000, 0x0000000084500000| Complete 
|  70|0x0000000084600000, 0x0000000084700000, 0x0000000084700000|100%| S|CS|TAMS 0x0000000084600000, 0x0000000084600000| Complete 
|  71|0x0000000084700000, 0x0000000084700000, 0x0000000084800000|  0%| F|  |TAMS 0x0000000084700000, 0x0000000084700000| Untracked 
|  72|0x0000000084800000, 0x0000000084800000, 0x0000000084900000|  0%| F|  |TAMS 0x0000000084800000, 0x0000000084800000| Untracked 
|  73|0x0000000084900000, 0x000000008494bbb0, 0x0000000084a00000| 29%| E|  |TAMS 0x0000000084900000, 0x0000000084900000| Complete 

Card table byte_map: [0x0000028120d40000,0x0000028121140000] _byte_map_base: 0x0000028120940000

Marking Bits (Prev, Next): (CMBitMap*) 0x000002810e4cabf0, (CMBitMap*) 0x000002810e4cac30
 Prev Bits: [0x0000028121540000, 0x0000028123540000)
 Next Bits: [0x0000028123540000, 0x0000028125540000)

Polling page: 0x000002810c5f0000

Metaspace:

Usage:
  Non-class:     37.94 MB used.
      Class:      5.74 MB used.
       Both:     43.68 MB used.

Virtual space:
  Non-class space:       64.00 MB reserved,      38.12 MB ( 60%) committed,  1 nodes.
      Class space:        1.00 GB reserved,       5.94 MB ( <1%) committed,  1 nodes.
             Both:        1.06 GB reserved,      44.06 MB (  4%) committed. 

Chunk freelists:
   Non-Class:  9.08 MB
       Class:  10.00 MB
        Both:  19.08 MB

MaxMetaspaceSize: unlimited
CompressedClassSpaceSize: 1.00 GB
Initial GC threshold: 21.00 MB
Current GC threshold: 71.81 MB
CDS: off
MetaspaceReclaimPolicy: balanced
 - commit_granule_bytes: 65536.
 - commit_granule_words: 8192.
 - virtual_space_node_default_size: 8388608.
 - enlarge_chunks_in_place: 1.
 - new_chunks_are_fully_committed: 0.
 - uncommit_free_chunks: 1.
 - use_allocation_guard: 0.
 - handle_deallocations: 1.


Internal statistics:

num_allocs_failed_limit: 3.
num_arena_births: 392.
num_arena_deaths: 0.
num_vsnodes_births: 2.
num_vsnodes_deaths: 0.
num_space_committed: 705.
num_space_uncommitted: 0.
num_chunks_returned_to_freelist: 3.
num_chunks_taken_from_freelist: 1690.
num_chunk_merges: 3.
num_chunk_splits: 1110.
num_chunks_enlarged: 779.
num_inconsistent_stats: 0.

CodeHeap 'non-profiled nmethods': size=120000Kb used=2381Kb max_used=2381Kb free=117618Kb
 bounds [0x0000028119410000, 0x0000028119680000, 0x0000028120940000]
CodeHeap 'profiled nmethods': size=120000Kb used=8430Kb max_used=8430Kb free=111569Kb
 bounds [0x0000028111940000, 0x0000028112180000, 0x0000028118e70000]
CodeHeap 'non-nmethods': size=5760Kb used=1588Kb max_used=1615Kb free=4171Kb
 bounds [0x0000028118e70000, 0x00000281190e0000, 0x0000028119410000]
 total_blobs=4822 nmethods=4165 adapters=570
 compilation: enabled
              stopped_count=0, restarted_count=0
 full_count=0

Compilation events (20 events):
Event: 261.869 Thread 0x000002812c06e550 4194       3       org.codehaus.groovy.reflection.CachedMethod$MyComparator::compare (43 bytes)
Event: 261.870 Thread 0x000002812c06e550 nmethod 4194 0x0000028112174f90 code [0x0000028112175200, 0x0000028112175fe8]
Event: 261.870 Thread 0x000002812c06e550 4195       3       org.codehaus.groovy.reflection.CachedMethod::compareToMethod (125 bytes)
Event: 261.872 Thread 0x000002812c00c7f0 4199       4       org.codehaus.groovy.util.LazyReference::get (44 bytes)
Event: 261.874 Thread 0x000002812c06e550 nmethod 4195 0x0000028112176210 code [0x00000281121764e0, 0x0000028112177368]
Event: 261.874 Thread 0x000002812c06e550 4200       3       groovy.lang.MetaBeanProperty::<init> (18 bytes)
Event: 261.874 Thread 0x000002812c06e550 nmethod 4200 0x0000028112177990 code [0x0000028112177b40, 0x0000028112177e78]
Event: 261.874 Thread 0x000002812c06e550 4202       3       groovy.lang.MetaClassImpl::makeReplacementMetaProperty (241 bytes)
Event: 261.890 Thread 0x000002812c06e550 nmethod 4202 0x0000028112177f90 code [0x0000028112178400, 0x000002811217adf8]
Event: 261.890 Thread 0x000002812c06e550 4196       1       groovy.lang.MetaProperty::getType (5 bytes)
Event: 261.890 Thread 0x000002812c06e550 nmethod 4196 0x0000028119661790 code [0x0000028119661920, 0x00000281196619f8]
Event: 261.890 Thread 0x000002812c06e550 4197       1       groovy.lang.MetaBeanProperty::getGetter (5 bytes)
Event: 261.890 Thread 0x000002812c06e550 nmethod 4197 0x0000028119661a90 code [0x0000028119661c20, 0x0000028119661cf8]
Event: 261.890 Thread 0x000002812c06e550 4198       1       groovy.lang.MetaBeanProperty::getField (5 bytes)
Event: 261.891 Thread 0x000002812c06e550 nmethod 4198 0x0000028119661d90 code [0x0000028119661f20, 0x0000028119661ff8]
Event: 261.891 Thread 0x000002812c06e550 4203       3       org.codehaus.groovy.util.ComplexKeyHashMap$1::hasNext (13 bytes)
Event: 261.891 Thread 0x000002812c06e550 nmethod 4203 0x000002811217b810 code [0x000002811217b9a0, 0x000002811217bb18]
Event: 261.891 Thread 0x000002812c06e550 4201       1       groovy.lang.MetaBeanProperty::setGetter (6 bytes)
Event: 261.891 Thread 0x000002812c06e550 nmethod 4201 0x0000028119662090 code [0x0000028119662220, 0x0000028119662338]
Event: 261.932 Thread 0x000002812c00c7f0 nmethod 4199 0x0000028119662390 code [0x00000281196625a0, 0x0000028119663110]

GC Heap History (20 events):
Event: 227.612 GC heap before
{Heap before GC invocations=9 (full 0):
 garbage-first heap   total 63488K, used 35349K [0x0000000080000000, 0x0000000100000000)
  region size 1024K, 10 young (10240K), 4 survivors (4096K)
 Metaspace       used 31427K, committed 31744K, reserved 1114112K
  class space    used 4216K, committed 4352K, reserved 1048576K
}
Event: 227.669 GC heap after
{Heap after GC invocations=10 (full 0):
 garbage-first heap   total 63488K, used 32992K [0x0000000080000000, 0x0000000100000000)
  region size 1024K, 4 young (4096K), 4 survivors (4096K)
 Metaspace       used 31427K, committed 31744K, reserved 1114112K
  class space    used 4216K, committed 4352K, reserved 1048576K
}
Event: 240.069 GC heap before
{Heap before GC invocations=11 (full 0):
 garbage-first heap   total 63488K, used 49376K [0x0000000080000000, 0x0000000100000000)
  region size 1024K, 18 young (18432K), 4 survivors (4096K)
 Metaspace       used 33059K, committed 33408K, reserved 1114112K
  class space    used 4460K, committed 4608K, reserved 1048576K
}
Event: 240.102 GC heap after
{Heap after GC invocations=12 (full 0):
 garbage-first heap   total 63488K, used 38044K [0x0000000080000000, 0x0000000100000000)
  region size 1024K, 2 young (2048K), 2 survivors (2048K)
 Metaspace       used 33059K, committed 33408K, reserved 1114112K
  class space    used 4460K, committed 4608K, reserved 1048576K
}
Event: 240.184 GC heap before
{Heap before GC invocations=12 (full 0):
 garbage-first heap   total 63488K, used 39068K [0x0000000080000000, 0x0000000100000000)
  region size 1024K, 3 young (3072K), 2 survivors (2048K)
 Metaspace       used 33152K, committed 33536K, reserved 1114112K
  class space    used 4478K, committed 4672K, reserved 1048576K
}
Event: 240.201 GC heap after
{Heap after GC invocations=13 (full 0):
 garbage-first heap   total 63488K, used 37823K [0x0000000080000000, 0x0000000100000000)
  region size 1024K, 1 young (1024K), 1 survivors (1024K)
 Metaspace       used 33152K, committed 33536K, reserved 1114112K
  class space    used 4478K, committed 4672K, reserved 1048576K
}
Event: 244.149 GC heap before
{Heap before GC invocations=13 (full 0):
 garbage-first heap   total 63488K, used 48063K [0x0000000080000000, 0x0000000100000000)
  region size 1024K, 12 young (12288K), 1 survivors (1024K)
 Metaspace       used 34584K, committed 34880K, reserved 1114112K
  class space    used 4716K, committed 4864K, reserved 1048576K
}
Event: 244.155 GC heap after
{Heap after GC invocations=14 (full 0):
 garbage-first heap   total 63488K, used 38304K [0x0000000080000000, 0x0000000100000000)
  region size 1024K, 1 young (1024K), 1 survivors (1024K)
 Metaspace       used 34584K, committed 34880K, reserved 1114112K
  class space    used 4716K, committed 4864K, reserved 1048576K
}
Event: 245.904 GC heap before
{Heap before GC invocations=15 (full 0):
 garbage-first heap   total 66560K, used 50592K [0x0000000080000000, 0x0000000100000000)
  region size 1024K, 13 young (13312K), 1 survivors (1024K)
 Metaspace       used 35985K, committed 36352K, reserved 1114112K
  class space    used 4957K, committed 5120K, reserved 1048576K
}
Event: 245.910 GC heap after
{Heap after GC invocations=16 (full 0):
 garbage-first heap   total 66560K, used 38767K [0x0000000080000000, 0x0000000100000000)
  region size 1024K, 2 young (2048K), 2 survivors (2048K)
 Metaspace       used 35985K, committed 36352K, reserved 1114112K
  class space    used 4957K, committed 5120K, reserved 1048576K
}
Event: 248.251 GC heap before
{Heap before GC invocations=16 (full 0):
 garbage-first heap   total 66560K, used 52079K [0x0000000080000000, 0x0000000100000000)
  region size 1024K, 16 young (16384K), 2 survivors (2048K)
 Metaspace       used 38409K, committed 38784K, reserved 1114112K
  class space    used 5317K, committed 5504K, reserved 1048576K
}
Event: 248.266 GC heap after
{Heap after GC invocations=17 (full 0):
 garbage-first heap   total 66560K, used 39811K [0x0000000080000000, 0x0000000100000000)
  region size 1024K, 2 young (2048K), 2 survivors (2048K)
 Metaspace       used 38409K, committed 38784K, reserved 1114112K
  class space    used 5317K, committed 5504K, reserved 1048576K
}
Event: 252.799 GC heap before
{Heap before GC invocations=18 (full 0):
 garbage-first heap   total 70656K, used 52099K [0x0000000080000000, 0x0000000100000000)
  region size 1024K, 15 young (15360K), 2 survivors (2048K)
 Metaspace       used 42071K, committed 42432K, reserved 1114112K
  class space    used 5667K, committed 5824K, reserved 1048576K
}
Event: 252.822 GC heap after
{Heap after GC invocations=19 (full 0):
 garbage-first heap   total 70656K, used 41418K [0x0000000080000000, 0x0000000100000000)
  region size 1024K, 2 young (2048K), 2 survivors (2048K)
 Metaspace       used 42071K, committed 42432K, reserved 1114112K
  class space    used 5667K, committed 5824K, reserved 1048576K
}
Event: 260.487 GC heap before
{Heap before GC invocations=19 (full 0):
 garbage-first heap   total 70656K, used 55754K [0x0000000080000000, 0x0000000100000000)
  region size 1024K, 17 young (17408K), 2 survivors (2048K)
 Metaspace       used 43634K, committed 44096K, reserved 1114112K
  class space    used 5833K, committed 6080K, reserved 1048576K
}
Event: 260.505 GC heap after
{Heap after GC invocations=20 (full 0):
 garbage-first heap   total 70656K, used 43565K [0x0000000080000000, 0x0000000100000000)
  region size 1024K, 3 young (3072K), 3 survivors (3072K)
 Metaspace       used 43634K, committed 44096K, reserved 1114112K
  class space    used 5833K, committed 6080K, reserved 1048576K
}
Event: 261.773 GC heap before
{Heap before GC invocations=21 (full 0):
 garbage-first heap   total 75776K, used 57901K [0x0000000080000000, 0x0000000100000000)
  region size 1024K, 17 young (17408K), 3 survivors (3072K)
 Metaspace       used 43958K, committed 44416K, reserved 1114112K
  class space    used 5872K, committed 6080K, reserved 1048576K
}
Event: 261.796 GC heap after
{Heap after GC invocations=22 (full 0):
 garbage-first heap   total 75776K, used 44440K [0x0000000080000000, 0x0000000100000000)
  region size 1024K, 3 young (3072K), 3 survivors (3072K)
 Metaspace       used 43958K, committed 44416K, reserved 1114112K
  class space    used 5872K, committed 6080K, reserved 1048576K
}
Event: 261.879 GC heap before
{Heap before GC invocations=22 (full 0):
 garbage-first heap   total 75776K, used 45464K [0x0000000080000000, 0x0000000100000000)
  region size 1024K, 6 young (6144K), 3 survivors (3072K)
 Metaspace       used 44092K, committed 44480K, reserved 1114112K
  class space    used 5881K, committed 6080K, reserved 1048576K
}
Event: 261.889 GC heap after
{Heap after GC invocations=23 (full 0):
 garbage-first heap   total 75776K, used 45199K [0x0000000080000000, 0x0000000100000000)
  region size 1024K, 3 young (3072K), 3 survivors (3072K)
 Metaspace       used 44092K, committed 44480K, reserved 1114112K
  class space    used 5881K, committed 6080K, reserved 1048576K
}

Dll operation events (3 events):
Event: 1.495 Loaded shared library C:\Program Files\Android\Android Studio\jbr\bin\java.dll
Event: 9.974 Loaded shared library C:\Program Files\Android\Android Studio\jbr\bin\zip.dll
Event: 36.535 Loaded shared library C:\Program Files\Android\Android Studio\jbr\bin\verify.dll

Deoptimization events (20 events):
Event: 261.398 Thread 0x000002812d1114a0 Uncommon trap: trap_request=0xffffffde fr.pc=0x0000028119649578 relative=0x0000000000000478
Event: 261.399 Thread 0x000002812d1114a0 Uncommon trap: reason=class_check action=maybe_recompile pc=0x0000028119649578 method=java.util.regex.Pattern$Start.match(Ljava/util/regex/Matcher;ILjava/lang/CharSequence;)Z @ 44 c2
Event: 261.399 Thread 0x000002812d1114a0 DEOPT PACKING pc=0x0000028119649578 sp=0x0000009cec3f8220
Event: 261.399 Thread 0x000002812d1114a0 DEOPT UNPACKING pc=0x0000028118ec699d sp=0x0000009cec3f80e8 mode 2
Event: 261.659 Thread 0x000002812d1114a0 Uncommon trap: trap_request=0xffffffbe fr.pc=0x000002811965adcc relative=0x000000000000070c
Event: 261.659 Thread 0x000002812d1114a0 Uncommon trap: reason=profile_predicate action=maybe_recompile pc=0x000002811965adcc method=java.lang.PublicMethods$MethodList.filter([Ljava/lang/reflect/Method;Ljava/lang/String;[Ljava/lang/Class;Z)Ljava/lang/PublicMethods$MethodList; @ 21 c2
Event: 261.659 Thread 0x000002812d1114a0 DEOPT PACKING pc=0x000002811965adcc sp=0x0000009cec3f8a50
Event: 261.659 Thread 0x000002812d1114a0 DEOPT UNPACKING pc=0x0000028118ec699d sp=0x0000009cec3f8a08 mode 2
Event: 261.659 Thread 0x000002812d1114a0 Uncommon trap: trap_request=0xffffffbe fr.pc=0x000002811965adcc relative=0x000000000000070c
Event: 261.659 Thread 0x000002812d1114a0 Uncommon trap: reason=profile_predicate action=maybe_recompile pc=0x000002811965adcc method=java.lang.PublicMethods$MethodList.filter([Ljava/lang/reflect/Method;Ljava/lang/String;[Ljava/lang/Class;Z)Ljava/lang/PublicMethods$MethodList; @ 21 c2
Event: 261.659 Thread 0x000002812d1114a0 DEOPT PACKING pc=0x000002811965adcc sp=0x0000009cec3f8a30
Event: 261.659 Thread 0x000002812d1114a0 DEOPT UNPACKING pc=0x0000028118ec699d sp=0x0000009cec3f89e8 mode 2
Event: 261.660 Thread 0x000002812d1114a0 Uncommon trap: trap_request=0xffffffbe fr.pc=0x000002811965adcc relative=0x000000000000070c
Event: 261.660 Thread 0x000002812d1114a0 Uncommon trap: reason=profile_predicate action=maybe_recompile pc=0x000002811965adcc method=java.lang.PublicMethods$MethodList.filter([Ljava/lang/reflect/Method;Ljava/lang/String;[Ljava/lang/Class;Z)Ljava/lang/PublicMethods$MethodList; @ 21 c2
Event: 261.660 Thread 0x000002812d1114a0 DEOPT PACKING pc=0x000002811965adcc sp=0x0000009cec3f8a50
Event: 261.660 Thread 0x000002812d1114a0 DEOPT UNPACKING pc=0x0000028118ec699d sp=0x0000009cec3f8a08 mode 2
Event: 261.660 Thread 0x000002812d1114a0 Uncommon trap: trap_request=0xffffffbe fr.pc=0x000002811965adcc relative=0x000000000000070c
Event: 261.660 Thread 0x000002812d1114a0 Uncommon trap: reason=profile_predicate action=maybe_recompile pc=0x000002811965adcc method=java.lang.PublicMethods$MethodList.filter([Ljava/lang/reflect/Method;Ljava/lang/String;[Ljava/lang/Class;Z)Ljava/lang/PublicMethods$MethodList; @ 21 c2
Event: 261.660 Thread 0x000002812d1114a0 DEOPT PACKING pc=0x000002811965adcc sp=0x0000009cec3f8a50
Event: 261.660 Thread 0x000002812d1114a0 DEOPT UNPACKING pc=0x0000028118ec699d sp=0x0000009cec3f8a08 mode 2

Classes unloaded (0 events):
No events

Classes redefined (0 events):
No events

Internal exceptions (20 events):
Event: 261.322 Thread 0x000002812d1114a0 Exception <a 'java/lang/ClassNotFoundException'{0x0000000083f977f8}: org/gradle/initialization/InitScriptBeanInfo> (0x0000000083f977f8) 
thrown [s\src\hotspot\share\classfile\systemDictionary.cpp, line 256]
Event: 261.324 Thread 0x000002812d1114a0 Exception <a 'java/lang/ClassNotFoundException'{0x0000000083fa1f88}: org/gradle/groovy/scripts/DefaultScriptBeanInfo> (0x0000000083fa1f88) 
thrown [s\src\hotspot\share\classfile\systemDictionary.cpp, line 256]
Event: 261.325 Thread 0x000002812d1114a0 Exception <a 'java/lang/ClassNotFoundException'{0x0000000083fac6b8}: org/gradle/groovy/scripts/BasicScriptBeanInfo> (0x0000000083fac6b8) 
thrown [s\src\hotspot\share\classfile\systemDictionary.cpp, line 256]
Event: 261.326 Thread 0x000002812d1114a0 Exception <a 'java/lang/ClassNotFoundException'{0x0000000083fb6d78}: org/gradle/groovy/scripts/ScriptBeanInfo> (0x0000000083fb6d78) 
thrown [s\src\hotspot\share\classfile\systemDictionary.cpp, line 256]
Event: 261.359 Thread 0x000002812d1114a0 Exception <a 'java/lang/ClassNotFoundException'{0x0000000083fce990}: groovy/lang/ScriptBeanInfo> (0x0000000083fce990) 
thrown [s\src\hotspot\share\classfile\systemDictionary.cpp, line 256]
Event: 261.362 Thread 0x000002812d1114a0 Exception <a 'java/lang/ClassNotFoundException'{0x0000000083fe6820}: groovy/lang/ScriptCustomizer> (0x0000000083fe6820) 
thrown [s\src\hotspot\share\classfile\systemDictionary.cpp, line 256]
Event: 261.382 Thread 0x000002812d1114a0 Exception <a 'java/lang/ClassNotFoundException'{0x0000000083ff8c18}: org/gradle/groovy/scripts/ScriptCustomizer> (0x0000000083ff8c18) 
thrown [s\src\hotspot\share\classfile\systemDictionary.cpp, line 256]
Event: 261.388 Thread 0x000002812d1114a0 Exception <a 'java/lang/ClassNotFoundException'{0x0000000083e0a4b8}: org/gradle/groovy/scripts/BasicScriptCustomizer> (0x0000000083e0a4b8) 
thrown [s\src\hotspot\share\classfile\systemDictionary.cpp, line 256]
Event: 261.393 Thread 0x000002812d1114a0 Exception <a 'java/lang/ClassNotFoundException'{0x0000000083e21518}: org/gradle/groovy/scripts/DefaultScriptCustomizer> (0x0000000083e21518) 
thrown [s\src\hotspot\share\classfile\systemDictionary.cpp, line 256]
Event: 261.406 Thread 0x000002812d1114a0 Exception <a 'java/lang/ClassNotFoundException'{0x0000000083e49b08}: org/gradle/initialization/InitScriptCustomizer> (0x0000000083e49b08) 
thrown [s\src\hotspot\share\classfile\systemDictionary.cpp, line 256]
Event: 261.409 Thread 0x000002812d1114a0 Exception <a 'java/lang/ClassNotFoundException'{0x0000000083e58988}: ijMapper1_bgspgdzde0vw2946zq1miwevfCustomizer> (0x0000000083e58988) 
thrown [s\src\hotspot\share\classfile\systemDictionary.cpp, line 256]
Event: 261.509 Thread 0x000002812d1114a0 Exception <a 'java/lang/ClassNotFoundException'{0x0000000083d16860}: org/gradle/internal/extensibility/DefaultExtraPropertiesExtensionBeanInfo> (0x0000000083d16860) 
thrown [s\src\hotspot\share\classfile\systemDictionary.cpp, line 256]
Event: 261.510 Thread 0x000002812d1114a0 Exception <a 'java/lang/ClassNotFoundException'{0x0000000083d21420}: org/gradle/internal/extensibility/DefaultExtraPropertiesExtensionCustomizer> (0x0000000083d21420) 
thrown [s\src\hotspot\share\classfile\systemDictionary.cpp, line 256]
Event: 261.652 Thread 0x000002812d1114a0 Exception <a 'java/lang/NoSuchMethodError'{0x0000000083d88dc0}: 'void java.lang.invoke.Invokers$Holder.invoke_MT(java.lang.Object, java.lang.Object, java.lang.Object, java.lang.Object)'> (0x0000000083d88dc0) 
thrown [s\src\hotspot\share\interpreter\linkResolver.cpp, line 771]
Event: 261.757 Thread 0x000002812d1114a0 Exception <a 'java/lang/ClassNotFoundException'{0x0000000083cd72e0}: org/gradle/invocation/DefaultGradle_DecoratedBeanInfo> (0x0000000083cd72e0) 
thrown [s\src\hotspot\share\classfile\systemDictionary.cpp, line 256]
Event: 261.766 Thread 0x000002812d1114a0 Exception <a 'java/lang/ClassNotFoundException'{0x0000000083ce7758}: org/gradle/invocation/DefaultGradleBeanInfo> (0x0000000083ce7758) 
thrown [s\src\hotspot\share\classfile\systemDictionary.cpp, line 256]
Event: 261.770 Thread 0x000002812d1114a0 Exception <a 'java/lang/ClassNotFoundException'{0x0000000083cf7d98}: org/gradle/api/internal/project/AbstractPluginAwareBeanInfo> (0x0000000083cf7d98) 
thrown [s\src\hotspot\share\classfile\systemDictionary.cpp, line 256]
Event: 261.798 Thread 0x000002812d1114a0 Exception <a 'java/lang/ClassNotFoundException'{0x0000000084909338}: org/gradle/api/internal/project/AbstractPluginAwareCustomizer> (0x0000000084909338) 
thrown [s\src\hotspot\share\classfile\systemDictionary.cpp, line 256]
Event: 261.802 Thread 0x000002812d1114a0 Exception <a 'java/lang/ClassNotFoundException'{0x000000008491f180}: org/gradle/invocation/DefaultGradleCustomizer> (0x000000008491f180) 
thrown [s\src\hotspot\share\classfile\systemDictionary.cpp, line 256]
Event: 261.816 Thread 0x000002812d1114a0 Exception <a 'java/lang/ClassNotFoundException'{0x000000008495fe80}: org/gradle/invocation/DefaultGradle_DecoratedCustomizer> (0x000000008495fe80) 
thrown [s\src\hotspot\share\classfile\systemDictionary.cpp, line 256]

VM Operations (20 events):
Event: 257.760 Executing VM operation: Cleanup done
Event: 258.763 Executing VM operation: Cleanup
Event: 258.827 Executing VM operation: Cleanup done
Event: 259.145 Executing VM operation: HandshakeAllThreads
Event: 259.145 Executing VM operation: HandshakeAllThreads done
Event: 260.157 Executing VM operation: Cleanup
Event: 260.292 Executing VM operation: Cleanup done
Event: 260.487 Executing VM operation: G1CollectForAllocation
Event: 260.505 Executing VM operation: G1CollectForAllocation done
Event: 260.605 Executing VM operation: G1PauseRemark
Event: 260.617 Executing VM operation: G1PauseRemark done
Event: 260.658 Executing VM operation: G1PauseCleanup
Event: 260.675 Executing VM operation: G1PauseCleanup done
Event: 261.686 Executing VM operation: Cleanup
Event: 261.710 Executing VM operation: Cleanup done
Event: 261.772 Executing VM operation: G1CollectForAllocation
Event: 261.796 Executing VM operation: G1CollectForAllocation done
Event: 261.878 Executing VM operation: G1TryInitiateConcMark
Event: 261.894 Executing VM operation: G1TryInitiateConcMark done
Event: 261.998 Executing VM operation: G1PauseRemark

Events (20 events):
Event: 259.141 loading class jdk/internal/jimage/ImageReader$SharedImageReader$LocationVisitor
Event: 259.141 loading class jdk/internal/jimage/ImageReader$SharedImageReader$LocationVisitor done
Event: 259.142 loading class java/nio/ByteBufferAsIntBufferL
Event: 259.143 loading class java/nio/ByteBufferAsIntBufferL done
Event: 259.147 loading class jdk/internal/jrtfs/JrtFileAttributes
Event: 259.147 loading class jdk/internal/jrtfs/JrtFileAttributes done
Event: 259.148 loading class jdk/internal/jrtfs/JrtDirectoryStream
Event: 259.148 loading class jdk/internal/jrtfs/JrtDirectoryStream done
Event: 259.152 loading class jdk/internal/jrtfs/JrtDirectoryStream$1
Event: 259.196 loading class jdk/internal/jrtfs/JrtDirectoryStream$1 done
Event: 259.209 loading class java/util/function/BooleanSupplier
Event: 259.210 loading class java/util/function/BooleanSupplier done
Event: 259.212 loading class jdk/internal/jimage/ImageReader$Resource
Event: 259.213 loading class jdk/internal/jimage/ImageReader$Resource done
Event: 261.030 loading class java/util/WeakHashMap$KeyIterator
Event: 261.031 loading class java/util/WeakHashMap$HashIterator
Event: 261.031 loading class java/util/WeakHashMap$HashIterator done
Event: 261.031 loading class java/util/WeakHashMap$KeyIterator done
Event: 261.875 loading class jdk/internal/reflect/UnsafeObjectFieldAccessorImpl
Event: 261.876 loading class jdk/internal/reflect/UnsafeObjectFieldAccessorImpl done


Dynamic libraries:
0x00007ff62b300000 - 0x00007ff62b30a000 	C:\Program Files\Android\Android Studio\jbr\bin\java.exe
0x00007ffd44a50000 - 0x00007ffd44c67000 	C:\WINDOWS\SYSTEM32\ntdll.dll
0x00007ffd43490000 - 0x00007ffd43554000 	C:\WINDOWS\System32\KERNEL32.DLL
0x00007ffd41f60000 - 0x00007ffd4230d000 	C:\WINDOWS\System32\KERNELBASE.dll
0x00007ffd41e40000 - 0x00007ffd41f51000 	C:\WINDOWS\System32\ucrtbase.dll
0x00007ffd2b820000 - 0x00007ffd2b837000 	C:\Program Files\Android\Android Studio\jbr\bin\jli.dll
0x00007ffd43660000 - 0x00007ffd4380e000 	C:\WINDOWS\System32\USER32.dll
0x00007ffd42500000 - 0x00007ffd42526000 	C:\WINDOWS\System32\win32u.dll
0x00007ffd43210000 - 0x00007ffd43239000 	C:\WINDOWS\System32\GDI32.dll
0x00007ffd42310000 - 0x00007ffd42429000 	C:\WINDOWS\System32\gdi32full.dll
0x00007ffd42460000 - 0x00007ffd424fa000 	C:\WINDOWS\System32\msvcp_win.dll
0x00007ffd29e60000 - 0x00007ffd29e7b000 	C:\Program Files\Android\Android Studio\jbr\bin\VCRUNTIME140.dll
0x00007ffd2a4b0000 - 0x00007ffd2a743000 	C:\WINDOWS\WinSxS\amd64_microsoft.windows.common-controls_6595b64144ccf1df_6.0.22621.3672_none_2713b9d173822955\COMCTL32.dll
0x00007ffd43870000 - 0x00007ffd43917000 	C:\WINDOWS\System32\msvcrt.dll
0x00007ffd42790000 - 0x00007ffd427c1000 	C:\WINDOWS\System32\IMM32.DLL
0x00007ffd3e9e0000 - 0x00007ffd3e9ec000 	C:\Program Files\Android\Android Studio\jbr\bin\vcruntime140_1.dll
0x00007ffd02340000 - 0x00007ffd023cd000 	C:\Program Files\Android\Android Studio\jbr\bin\msvcp140.dll
0x00007ffcf6890000 - 0x00007ffcf7513000 	C:\Program Files\Android\Android Studio\jbr\bin\server\jvm.dll
0x00007ffd433c0000 - 0x00007ffd43472000 	C:\WINDOWS\System32\ADVAPI32.dll
0x00007ffd42b40000 - 0x00007ffd42be9000 	C:\WINDOWS\System32\sechost.dll
0x00007ffd42430000 - 0x00007ffd42458000 	C:\WINDOWS\System32\bcrypt.dll
0x00007ffd42c10000 - 0x00007ffd42d24000 	C:\WINDOWS\System32\RPCRT4.dll
0x00007ffd41a90000 - 0x00007ffd41add000 	C:\WINDOWS\SYSTEM32\POWRPROF.dll
0x00007ffd3ec00000 - 0x00007ffd3ec09000 	C:\WINDOWS\SYSTEM32\WSOCK32.dll
0x00007ffd43290000 - 0x00007ffd43301000 	C:\WINDOWS\System32\WS2_32.dll
0x00007ffd3d9c0000 - 0x00007ffd3d9f4000 	C:\WINDOWS\SYSTEM32\WINMM.dll
0x00007ffd39c10000 - 0x00007ffd39c1a000 	C:\WINDOWS\SYSTEM32\VERSION.dll
0x00007ffd419a0000 - 0x00007ffd419b3000 	C:\WINDOWS\SYSTEM32\UMPDC.dll
0x00007ffd40db0000 - 0x00007ffd40dc8000 	C:\WINDOWS\SYSTEM32\kernel.appcore.dll
0x00007ffd3ea60000 - 0x00007ffd3ea6a000 	C:\Program Files\Android\Android Studio\jbr\bin\jimage.dll
0x00007ffd3f6f0000 - 0x00007ffd3f922000 	C:\WINDOWS\SYSTEM32\DBGHELP.DLL
0x00007ffd43dc0000 - 0x00007ffd44148000 	C:\WINDOWS\System32\combase.dll
0x00007ffd42de0000 - 0x00007ffd42eb7000 	C:\WINDOWS\System32\OLEAUT32.dll
0x00007ffd1dbf0000 - 0x00007ffd1dc22000 	C:\WINDOWS\SYSTEM32\dbgcore.DLL
0x00007ffd42530000 - 0x00007ffd425ab000 	C:\WINDOWS\System32\bcryptPrimitives.dll
0x00007ffd3dc90000 - 0x00007ffd3dc9e000 	C:\Program Files\Android\Android Studio\jbr\bin\instrument.dll
0x00007ffd3e9b0000 - 0x00007ffd3e9d5000 	C:\Program Files\Android\Android Studio\jbr\bin\java.dll
0x00007ffd3df50000 - 0x00007ffd3df68000 	C:\Program Files\Android\Android Studio\jbr\bin\zip.dll
0x00007ffd441b0000 - 0x00007ffd44a0f000 	C:\WINDOWS\System32\SHELL32.dll
0x00007ffd3fcd0000 - 0x00007ffd405cc000 	C:\WINDOWS\SYSTEM32\windows.storage.dll
0x00007ffd3fb90000 - 0x00007ffd3fccf000 	C:\WINDOWS\SYSTEM32\wintypes.dll
0x00007ffd43560000 - 0x00007ffd43654000 	C:\WINDOWS\System32\SHCORE.dll
0x00007ffd44150000 - 0x00007ffd441ae000 	C:\WINDOWS\System32\shlwapi.dll
0x00007ffd41cb0000 - 0x00007ffd41cd1000 	C:\WINDOWS\SYSTEM32\profapi.dll
0x00007ffd3bcf0000 - 0x00007ffd3bd09000 	C:\Program Files\Android\Android Studio\jbr\bin\net.dll
0x00007ffd3b970000 - 0x00007ffd3baa6000 	C:\WINDOWS\SYSTEM32\WINHTTP.dll
0x00007ffd41220000 - 0x00007ffd41289000 	C:\WINDOWS\system32\mswsock.dll
0x00007ffd39060000 - 0x00007ffd39076000 	C:\Program Files\Android\Android Studio\jbr\bin\nio.dll
0x00007ffd3df00000 - 0x00007ffd3df10000 	C:\Program Files\Android\Android Studio\jbr\bin\verify.dll
0x00007ffd1ad10000 - 0x00007ffd1ad37000 	C:\Users\Tarisa\.gradle\native\c067742578af261105cb4f569cf0c3c89f3d7b1fecec35dd04571415982c5e48\windows-amd64\native-platform.dll
0x00007ffd025d0000 - 0x00007ffd02714000 	C:\Users\Tarisa\.gradle\native\38dada09dfb8b06ba9b0570ebf7e218e3eb74d4ef43ca46872605cf95ebc2f47\windows-amd64\native-platform-file-events.dll
0x00007ffd3e9a0000 - 0x00007ffd3e9a9000 	C:\Program Files\Android\Android Studio\jbr\bin\management.dll
0x00007ffd3e630000 - 0x00007ffd3e63b000 	C:\Program Files\Android\Android Studio\jbr\bin\management_ext.dll
0x00007ffd43920000 - 0x00007ffd43928000 	C:\WINDOWS\System32\PSAPI.DLL
0x00007ffd41490000 - 0x00007ffd414ab000 	C:\WINDOWS\SYSTEM32\CRYPTSP.dll
0x00007ffd40d10000 - 0x00007ffd40d45000 	C:\WINDOWS\system32\rsaenh.dll
0x00007ffd41320000 - 0x00007ffd41348000 	C:\WINDOWS\SYSTEM32\USERENV.dll
0x00007ffd41480000 - 0x00007ffd4148c000 	C:\WINDOWS\SYSTEM32\CRYPTBASE.dll
0x00007ffd40870000 - 0x00007ffd4089d000 	C:\WINDOWS\SYSTEM32\IPHLPAPI.DLL
0x00007ffd43480000 - 0x00007ffd43489000 	C:\WINDOWS\System32\NSI.dll
0x00007ffd3be50000 - 0x00007ffd3be69000 	C:\WINDOWS\SYSTEM32\dhcpcsvc6.DLL
0x00007ffd3b8b0000 - 0x00007ffd3b8cf000 	C:\WINDOWS\SYSTEM32\dhcpcsvc.DLL
0x00007ffd408f0000 - 0x00007ffd409e8000 	C:\WINDOWS\SYSTEM32\DNSAPI.dll
0x00007ffd3ea50000 - 0x00007ffd3ea58000 	C:\WINDOWS\system32\wshunix.dll

dbghelp: loaded successfully - version: 4.0.5 - missing functions: none
symbol engine: initialized successfully - sym options: 0x614 - pdb path: .;C:\Program Files\Android\Android Studio\jbr\bin;C:\WINDOWS\SYSTEM32;C:\WINDOWS\WinSxS\amd64_microsoft.windows.common-controls_6595b64144ccf1df_6.0.22621.3672_none_2713b9d173822955;C:\Program Files\Android\Android Studio\jbr\bin\server;C:\Users\Tarisa\.gradle\native\c067742578af261105cb4f569cf0c3c89f3d7b1fecec35dd04571415982c5e48\windows-amd64;C:\Users\Tarisa\.gradle\native\38dada09dfb8b06ba9b0570ebf7e218e3eb74d4ef43ca46872605cf95ebc2f47\windows-amd64

VM Arguments:
jvm_args: --add-opens=java.base/java.util=ALL-UNNAMED --add-opens=java.base/java.lang=ALL-UNNAMED --add-opens=java.base/java.lang.invoke=ALL-UNNAMED --add-opens=java.prefs/java.util.prefs=ALL-UNNAMED --add-opens=java.base/java.nio.charset=ALL-UNNAMED --add-opens=java.base/java.net=ALL-UNNAMED --add-opens=java.base/java.util.concurrent.atomic=ALL-UNNAMED -Xmx2048m -Dfile.encoding=UTF-8 -Duser.country=US -Duser.language=en -Duser.variant -javaagent:C:\Users\Tarisa\.gradle\wrapper\dists\gradle-8.4-bin\1w5dpkrfk8irigvoxmyhowfim\gradle-8.4\lib\agents\gradle-instrumentation-agent-8.4.jar 
java_command: org.gradle.launcher.daemon.bootstrap.GradleDaemon 8.4
java_class_path (initial): C:\Users\Tarisa\.gradle\wrapper\dists\gradle-8.4-bin\1w5dpkrfk8irigvoxmyhowfim\gradle-8.4\lib\gradle-launcher-8.4.jar
Launcher Type: SUN_STANDARD

[Global flags]
     intx CICompilerCount                          = 3                                         {product} {ergonomic}
     uint ConcGCThreads                            = 1                                         {product} {ergonomic}
     uint G1ConcRefinementThreads                  = 4                                         {product} {ergonomic}
   size_t G1HeapRegionSize                         = 1048576                                   {product} {ergonomic}
    uintx GCDrainStackTargetSize                   = 64                                        {product} {ergonomic}
   size_t InitialHeapSize                          = 65011712                                  {product} {ergonomic}
   size_t MarkStackSize                            = 4194304                                   {product} {ergonomic}
   size_t MaxHeapSize                              = 2147483648                                {product} {command line}
   size_t MaxNewSize                               = 1287651328                                {product} {ergonomic}
   size_t MinHeapDeltaBytes                        = 1048576                                   {product} {ergonomic}
   size_t MinHeapSize                              = 8388608                                   {product} {ergonomic}
    uintx NonNMethodCodeHeapSize                   = 5832780                                {pd product} {ergonomic}
    uintx NonProfiledCodeHeapSize                  = 122912730                              {pd product} {ergonomic}
    uintx ProfiledCodeHeapSize                     = 122912730                              {pd product} {ergonomic}
    uintx ReservedCodeCacheSize                    = 251658240                              {pd product} {ergonomic}
     bool SegmentedCodeCache                       = true                                      {product} {ergonomic}
   size_t SoftMaxHeapSize                          = 2147483648                             {manageable} {ergonomic}
     bool UseCompressedClassPointers               = true                           {product lp64_product} {ergonomic}
     bool UseCompressedOops                        = true                           {product lp64_product} {ergonomic}
     bool UseG1GC                                  = true                                      {product} {ergonomic}
     bool UseLargePagesIndividualAllocation        = false                                  {pd product} {ergonomic}

Logging:
Log output configuration:
 #0: stdout all=warning uptime,level,tags
 #1: stderr all=off uptime,level,tags

Environment Variables:
JAVA_HOME=C:\Program Files\Java\jdk-19
PATH=C:\app\Tarisa\product\21c\dbhomeXE\bin;C:\Program Files\Java\jdk-19\bin;C:\Program Files\Common Files\Oracle\Java\javapath;C:\Program Files\Java\jdk1.8.0_301\bin;C:\Program Files\Python310\Scripts\;C:\Program Files\Python310\;C:\Program Files (x86)\Common Files\Oracle\Java\javapath;C:\WINDOWS\system32;C:\WINDOWS;C:\WINDOWS\System32\Wbem;C:\WINDOWS\System32\WindowsPowerShell\v1.0\;C:\WINDOWS\System32\OpenSSH\;C:\MinGW\bin;C:\Program Files\Git\cmd;C:\Program Files\nodejs\;C:\Program Files\PuTTY\;C:\Program Files\dotnet\;C:\Program Files\Microsoft SQL Server\150\Tools\Binn\;C:\Program Files\Microsoft SQL Server\Client SDK\ODBC\170\Tools\Binn\;C:\ProgramData\ComposerSetup\bin;C:\xampp\mysql\bin;C:\xampp;C:\Users\Tarisa\AppData\Roaming\Python\Python310\Scripts;C:\ProgramData\chocolatey\bin;C:\Users\Tarisa\flutter\flutter_windows_3.22.2-stable\flutter\bin;C:\php8.2;C:\Users\Tarisa\AppData\Roaming\Composer\vendor\bin;C:\app\Tarisa\product\21c\dbhomeXE\bin;C:\Program Files\Java\jdk-19\bin;C:\Program Files\Common Files\Oracle\Java\javapath;C:\Program Files\Java\jdk1.8.0_301\bin;C:\Program Files\Python310\Scripts\;C:\Program Files\Python310\;C:\Program Files (x86)\Common Files\Oracle\Java\javapath;C:\WINDOWS\system32;C:\WINDOWS;C:\WINDOWS\System32\Wbem;C:\WINDOWS\System32\WindowsPowerShell\v1.0\;C:\WINDOWS\System32\OpenSSH\;C:\MinGW\bin;C:\Program Files\Git\cmd;C:\Program Files\nodejs\;C:\Program Files\PuTTY\;C:\Program Files\dotnet\;C:\Program Files\Microsoft SQL Server\150\Tools\Binn\;C:\Program Files\Microsoft SQL Server\Client SDK\ODBC\170\Tools\Binn\;C:\ProgramData\ComposerSetup\bin;C:\xampp\mysql\bin;C:\xampp;C:\Users\Tarisa\AppData\Roaming\Python\Python310\Scripts;C:\ProgramData\chocolatey\bin;C:\Users\Tarisa\flutter\flutter_windows_3.22.2-stable\flutter\bin;C:\php8.2;C:\Users\Tarisa\AppData\Roaming\Composer\vendor\bin;;C:\vcpkg;C:\Users\Tarisa\AppData\Local\Programs\Microsoft VS Code\bin;C:\Users\Tarisa\AppData\Roaming\Python\Python310\Scripts;;C:\tools\dart-sdk\bin
USERNAME=Tarisa
OS=Windows_NT
PROCESSOR_IDENTIFIER=Intel64 Family 6 Model 156 Stepping 0, GenuineIntel
TMP=C:\Users\Tarisa\AppData\Local\Temp
TEMP=C:\Users\Tarisa\AppData\Local\Temp



Periodic native trim disabled

JNI global refs:
JNI global refs: 24, weak refs: 0

JNI global refs memory usage: 843, weak refs: 841

OOME stack traces (most recent first):
Classloader memory used:
Loader org.gradle.internal.classloader.VisitableURLClassLoader                         : 2630K
Loader bootstrap                                                                       : 2332K
Loader org.gradle.initialization.MixInLegacyTypesClassLoader                           : 460K
Loader jdk.internal.loader.ClassLoaders$PlatformClassLoader                            : 65693B
Loader org.gradle.internal.classloader.VisitableURLClassLoader                         : 54478B
Loader jdk.internal.loader.ClassLoaders$AppClassLoader                                 : 28453B
Loader jdk.internal.reflect.DelegatingClassLoader                                      : 21938B
Loader org.gradle.groovy.scripts.internal.DefaultScriptCompilationHandler$ScriptClassLoader: 765B

Classes loaded by more than one classloader:
Class org.gradle.api.GradleException                                                  : loaded 3 times (x 80B)
Class org.gradle.util.GradleVersion                                                   : loaded 2 times (x 81B)
Class org.gradle.internal.classpath.ClassPath                                         : loaded 2 times (x 68B)
Class org.gradle.api.internal.classpath.DefaultModuleRegistry                         : loaded 2 times (x 84B)
Class org.gradle.internal.exceptions.NonGradleCauseExceptionsHolder                   : loaded 2 times (x 68B)
Class org.gradle.api.Action                                                           : loaded 2 times (x 68B)
Class org.gradle.api.internal.DefaultClassPathProvider                                : loaded 2 times (x 74B)
Class org.gradle.internal.installation.GradleInstallation$1                           : loaded 2 times (x 73B)
Class org.gradle.internal.exceptions.DefaultMultiCauseException                       : loaded 2 times (x 89B)
Class org.gradle.internal.time.MonotonicClock                                         : loaded 2 times (x 75B)
Class org.gradle.internal.classloader.FilteringClassLoader                            : loaded 2 times (x 103B)
Class org.gradle.internal.classpath.DefaultClassPath$ImmutableUniqueList$Builder      : loaded 2 times (x 73B)
Class org.gradle.internal.classloader.ClassLoaderVisitor                              : loaded 2 times (x 74B)
Class org.gradle.internal.time.DefaultCountdownTimer                                  : loaded 2 times (x 86B)
Class org.gradle.internal.service.DefaultServiceLocator                               : loaded 2 times (x 81B)
Class org.gradle.internal.service.UnknownServiceException                             : loaded 2 times (x 81B)
Class org.gradle.internal.classloader.DefaultClassLoaderFactory                       : loaded 2 times (x 80B)
Class org.gradle.internal.classloader.VisitableURLClassLoader$Spec                    : loaded 2 times (x 72B)
Class org.gradle.tooling.model.ProjectModel                                           : loaded 2 times (x 68B)
Class org.gradle.internal.installation.GradleInstallation                             : loaded 2 times (x 73B)
Class org.gradle.api.internal.classpath.ModuleRegistry                                : loaded 2 times (x 68B)
Class org.gradle.api.internal.ClassPathProvider                                       : loaded 2 times (x 68B)
Class org.gradle.internal.classloader.ClasspathUtil$1                                 : loaded 2 times (x 74B)
Class org.gradle.internal.classloader.ClassLoaderFactory                              : loaded 2 times (x 68B)
Class org.gradle.api.internal.classpath.ManifestUtil                                  : loaded 2 times (x 69B)
Class org.gradle.api.specs.Spec                                                       : loaded 2 times (x 68B)
Class org.gradle.internal.IoActions                                                   : loaded 2 times (x 69B)
Class org.gradle.api.internal.classpath.EffectiveClassPath                            : loaded 2 times (x 88B)
Class org.gradle.internal.installation.CurrentGradleInstallation                      : loaded 2 times (x 71B)
Class org.gradle.internal.agents.InstrumentingClassLoader                             : loaded 2 times (x 68B)
Class org.gradle.internal.installation.CurrentGradleInstallationLocator               : loaded 2 times (x 69B)
Class org.gradle.api.internal.classpath.Module                                        : loaded 2 times (x 68B)
Class org.gradle.internal.service.CachingServiceLocator                               : loaded 2 times (x 80B)
Class org.gradle.internal.time.Timer                                                  : loaded 2 times (x 68B)
Class org.gradle.internal.classpath.DefaultClassPath                                  : loaded 2 times (x 88B)
Class org.gradle.internal.time.Time                                                   : loaded 2 times (x 69B)
Class org.gradle.internal.time.TimeSource$1                                           : loaded 2 times (x 75B)
Class org.gradle.internal.classloader.SystemClassLoaderSpec                           : loaded 2 times (x 69B)
Class kotlin.Function                                                                 : loaded 2 times (x 68B)
Class org.gradle.api.UncheckedIOException                                             : loaded 2 times (x 80B)
Class org.gradle.internal.time.CountdownTimer                                         : loaded 2 times (x 68B)
Class org.gradle.internal.time.Clock                                                  : loaded 2 times (x 68B)
Class org.gradle.internal.classloader.ClasspathUtil                                   : loaded 2 times (x 69B)
Class org.gradle.api.internal.DefaultClassPathRegistry                                : loaded 2 times (x 74B)
Class org.gradle.api.internal.classpath.DefaultModuleRegistry$DefaultModule           : loaded 2 times (x 84B)
Class org.gradle.internal.time.TimeSource                                             : loaded 2 times (x 68B)
Class org.gradle.api.internal.classpath.UnknownModuleException                        : loaded 2 times (x 80B)
Class org.gradle.internal.service.ServiceLookupException                              : loaded 2 times (x 80B)
Class org.gradle.cache.GlobalCache                                                    : loaded 2 times (x 68B)
Class [Lorg.gradle.api.internal.ClassPathProvider;                                    : loaded 2 times (x 67B)
Class org.gradle.internal.operations.MultipleBuildOperationFailures                   : loaded 2 times (x 89B)
Class org.gradle.util.internal.GUtil                                                  : loaded 2 times (x 69B)
Class org.gradle.internal.classloader.ClassLoaderSpec                                 : loaded 2 times (x 69B)
Class org.gradle.internal.classloader.VisitableURLClassLoader                         : loaded 2 times (x 115B)
Class org.gradle.internal.Cast                                                        : loaded 2 times (x 69B)
Class org.gradle.api.internal.ClassPathRegistry                                       : loaded 2 times (x 68B)
Class org.gradle.internal.classloader.VisitableURLClassLoader$InstrumentingVisitableURLClassLoader: loaded 2 times (x 121B)
Class org.gradle.internal.classloader.ClassLoaderHierarchy                            : loaded 2 times (x 68B)
Class org.gradle.internal.exceptions.MultiCauseException                              : loaded 2 times (x 68B)
Class org.gradle.internal.InternalTransformer                                         : loaded 2 times (x 68B)
Class org.gradle.internal.service.ServiceLocator                                      : loaded 2 times (x 68B)
Class org.gradle.internal.classpath.DefaultClassPath$ImmutableUniqueList              : loaded 2 times (x 159B)
Class org.gradle.internal.time.DefaultTimer                                           : loaded 2 times (x 78B)
Class org.gradle.internal.classpath.TransformedClassPath                              : loaded 2 times (x 94B)


---------------  S Y S T E M  ---------------

OS:
 Windows 11 , 64 bit Build 22621 (10.0.22621.3672)
OS uptime: 4 days 14:29 hours

CPU: total 4 (initial active 4) (4 cores per cpu, 1 threads per core) family 6 model 156 stepping 0 microcode 0x16, cx8, cmov, fxsr, mmx, 3dnowpref, sse, sse2, sse3, ssse3, sse4.1, sse4.2, popcnt, tsc, tscinvbit, aes, erms, clmul, sha, clflush, clflushopt, clwb
Processor Information for all 4 processors :
  Max Mhz: 1114, Current Mhz: 1114, Mhz Limit: 1114

Memory: 4k page, system-wide physical 3901M (197M free)
TotalPageFile size 15677M (AvailPageFile size 7M)
current process WorkingSet (physical memory assigned to process): 164M, peak: 164M
current process commit charge ("private bytes"): 234M, peak: 246M

vm_info: OpenJDK 64-Bit Server VM (17.0.9+0--11185874) for windows-amd64 JRE (17.0.9+0--11185874), built on Dec  6 2023 18:57:44 by "androidbuild" with MS VC++ 16.10 / 16.11 (VS2019)

END.
